<?xml version="1.0" encoding="UTF-8"?>
<coverage generated="1730203859343" clover="3.2.0">
  <project timestamp="1730203859344" name="All files">
    <metrics statements="49" coveredstatements="24" conditionals="10" coveredconditionals="8" methods="6" coveredmethods="4" elements="65" coveredelements="36" complexity="0" loc="49" ncloc="49" packages="3" files="4" classes="4"/>
    <package name="src">
      <metrics statements="25" coveredstatements="0" conditionals="2" coveredconditionals="0" methods="2" coveredmethods="0"/>
      <file name="App.tsx" path="C:\Users\Lucas. D\OneDrive\Escritorio\PoC-Vitest\rect-vitest\src\App.tsx">
        <metrics statements="15" coveredstatements="0" conditionals="1" coveredconditionals="0" methods="1" coveredmethods="0"/>
        <line num="1" count="0" type="cond" truecount="0" falsecount="1"/>
        <line num="2" count="0" type="stmt"/>
        <line num="3" count="0" type="stmt"/>
        <line num="4" count="0" type="stmt"/>
        <line num="5" count="0" type="stmt"/>
        <line num="6" count="0" type="stmt"/>
        <line num="7" count="0" type="stmt"/>
        <line num="8" count="0" type="stmt"/>
        <line num="9" count="0" type="stmt"/>
        <line num="10" count="0" type="stmt"/>
        <line num="11" count="0" type="stmt"/>
        <line num="12" count="0" type="stmt"/>
        <line num="13" count="0" type="stmt"/>
        <line num="14" count="0" type="stmt"/>
        <line num="15" count="0" type="stmt"/>
      </file>
      <file name="main.tsx" path="C:\Users\Lucas. D\OneDrive\Escritorio\PoC-Vitest\rect-vitest\src\main.tsx">
        <metrics statements="10" coveredstatements="0" conditionals="1" coveredconditionals="0" methods="1" coveredmethods="0"/>
        <line num="1" count="0" type="cond" truecount="0" falsecount="1"/>
        <line num="2" count="0" type="stmt"/>
        <line num="3" count="0" type="stmt"/>
        <line num="4" count="0" type="stmt"/>
        <line num="5" count="0" type="stmt"/>
        <line num="6" count="0" type="stmt"/>
        <line num="7" count="0" type="stmt"/>
        <line num="8" count="0" type="stmt"/>
        <line num="9" count="0" type="stmt"/>
        <line num="10" count="0" type="stmt"/>
      </file>
    </package>
    <package name="src.card">
      <metrics statements="11" coveredstatements="11" conditionals="3" coveredconditionals="3" methods="2" coveredmethods="2"/>
      <file name="card.tsx" path="C:\Users\Lucas. D\OneDrive\Escritorio\PoC-Vitest\rect-vitest\src\card\card.tsx">
        <metrics statements="11" coveredstatements="11" conditionals="3" coveredconditionals="3" methods="2" coveredmethods="2"/>
        <line num="1" count="1" type="stmt"/>
        <line num="3" count="1" type="cond" truecount="1" falsecount="0"/>
        <line num="4" count="3" type="stmt"/>
        <line num="5" count="3" type="stmt"/>
        <line num="6" count="3" type="stmt"/>
        <line num="7" count="3" type="stmt"/>
        <line num="8" count="3" type="stmt"/>
        <line num="9" count="3" type="cond" truecount="2" falsecount="0"/>
        <line num="10" count="3" type="stmt"/>
        <line num="12" count="3" type="stmt"/>
        <line num="14" count="1" type="stmt"/>
      </file>
    </package>
    <package name="src.components">
      <metrics statements="13" coveredstatements="13" conditionals="5" coveredconditionals="5" methods="2" coveredmethods="2"/>
      <file name="Prueba.tsx" path="C:\Users\Lucas. D\OneDrive\Escritorio\PoC-Vitest\rect-vitest\src\components\Prueba.tsx">
        <metrics statements="13" coveredstatements="13" conditionals="5" coveredconditionals="5" methods="2" coveredmethods="2"/>
        <line num="1" count="1" type="stmt"/>
        <line num="8" count="8" type="cond" truecount="1" falsecount="0"/>
        <line num="10" count="8" type="stmt"/>
        <line num="11" count="8" type="stmt"/>
        <line num="12" count="8" type="stmt"/>
        <line num="13" count="8" type="stmt"/>
        <line num="14" count="8" type="cond" truecount="1" falsecount="0"/>
        <line num="15" count="8" type="cond" truecount="2" falsecount="0"/>
        <line num="16" count="8" type="stmt"/>
        <line num="17" count="8" type="cond" truecount="1" falsecount="0"/>
        <line num="18" count="8" type="stmt"/>
        <line num="20" count="8" type="stmt"/>
        <line num="22" count="1" type="stmt"/>
      </file>
    </package>
  </project>
</coverage>
