{"C:\\Users\\Lucas. D\\OneDrive\\Escritorio\\PoC-Vitest\\rect-vitest\\src\\App.tsx": {"path":"C:\\Users\\Lucas. D\\OneDrive\\Escritorio\\PoC-Vitest\\rect-vitest\\src\\App.tsx","all":true,"statementMap":{"0":{"start":{"line":1,"column":0},"end":{"line":1,"column":26}},"1":{"start":{"line":2,"column":0},"end":{"line":2,"column":45}},"2":{"start":{"line":3,"column":0},"end":{"line":3,"column":35}},"3":{"start":{"line":4,"column":0},"end":{"line":4,"column":16}},"4":{"start":{"line":5,"column":0},"end":{"line":5,"column":9}},"5":{"start":{"line":6,"column":0},"end":{"line":6,"column":9}},"6":{"start":{"line":7,"column":0},"end":{"line":7,"column":38}},"7":{"start":{"line":8,"column":0},"end":{"line":8,"column":78}},"8":{"start":{"line":9,"column":0},"end":{"line":9,"column":15}},"9":{"start":{"line":10,"column":0},"end":{"line":10,"column":12}},"10":{"start":{"line":11,"column":0},"end":{"line":11,"column":13}},"11":{"start":{"line":12,"column":0},"end":{"line":12,"column":12}},"12":{"start":{"line":13,"column":0},"end":{"line":13,"column":3}},"13":{"start":{"line":14,"column":0},"end":{"line":14,"column":1}},"14":{"start":{"line":15,"column":0},"end":{"line":15,"column":20}}},"s":{"0":0,"1":0,"2":0,"3":0,"4":0,"5":0,"6":0,"7":0,"8":0,"9":0,"10":0,"11":0,"12":0,"13":0,"14":0},"branchMap":{"0":{"type":"branch","line":1,"loc":{"start":{"line":1,"column":0},"end":{"line":15,"column":20}},"locations":[{"start":{"line":1,"column":0},"end":{"line":15,"column":20}}]}},"b":{"0":[0]},"fnMap":{"0":{"name":"(empty-report)","decl":{"start":{"line":1,"column":0},"end":{"line":15,"column":20}},"loc":{"start":{"line":1,"column":0},"end":{"line":15,"column":20}},"line":1}},"f":{"0":0}}
,"C:\\Users\\Lucas. D\\OneDrive\\Escritorio\\PoC-Vitest\\rect-vitest\\src\\main.tsx": {"path":"C:\\Users\\Lucas. D\\OneDrive\\Escritorio\\PoC-Vitest\\rect-vitest\\src\\main.tsx","all":true,"statementMap":{"0":{"start":{"line":1,"column":0},"end":{"line":1,"column":34}},"1":{"start":{"line":2,"column":0},"end":{"line":2,"column":45}},"2":{"start":{"line":3,"column":0},"end":{"line":3,"column":20}},"3":{"start":{"line":4,"column":0},"end":{"line":4,"column":27}},"4":{"start":{"line":5,"column":0},"end":{"line":5,"column":0}},"5":{"start":{"line":6,"column":0},"end":{"line":6,"column":52}},"6":{"start":{"line":7,"column":0},"end":{"line":7,"column":14}},"7":{"start":{"line":8,"column":0},"end":{"line":8,"column":11}},"8":{"start":{"line":9,"column":0},"end":{"line":9,"column":16}},"9":{"start":{"line":10,"column":0},"end":{"line":10,"column":1}}},"s":{"0":0,"1":0,"2":0,"3":0,"4":0,"5":0,"6":0,"7":0,"8":0,"9":0},"branchMap":{"0":{"type":"branch","line":1,"loc":{"start":{"line":1,"column":0},"end":{"line":10,"column":1}},"locations":[{"start":{"line":1,"column":0},"end":{"line":10,"column":1}}]}},"b":{"0":[0]},"fnMap":{"0":{"name":"(empty-report)","decl":{"start":{"line":1,"column":0},"end":{"line":10,"column":1}},"loc":{"start":{"line":1,"column":0},"end":{"line":10,"column":1}},"line":1}},"f":{"0":0}}
,"C:\\Users\\Lucas. D\\OneDrive\\Escritorio\\PoC-Vitest\\rect-vitest\\src\\card\\card.tsx": {"path":"C:\\Users\\Lucas. D\\OneDrive\\Escritorio\\PoC-Vitest\\rect-vitest\\src\\card\\card.tsx","all":false,"statementMap":{"0":{"start":{"line":1,"column":0},"end":{"line":1,"column":33}},"2":{"start":{"line":3,"column":0},"end":{"line":3,"column":20}},"3":{"start":{"line":4,"column":0},"end":{"line":4,"column":42}},"4":{"start":{"line":5,"column":0},"end":{"line":5,"column":12}},"5":{"start":{"line":6,"column":0},"end":{"line":6,"column":13}},"6":{"start":{"line":7,"column":0},"end":{"line":7,"column":32}},"7":{"start":{"line":8,"column":0},"end":{"line":8,"column":62}},"8":{"start":{"line":9,"column":0},"end":{"line":9,"column":87}},"9":{"start":{"line":10,"column":0},"end":{"line":10,"column":14}},"11":{"start":{"line":12,"column":0},"end":{"line":12,"column":1}},"13":{"start":{"line":14,"column":0},"end":{"line":14,"column":20}}},"s":{"0":1,"2":1,"3":3,"4":3,"5":3,"6":3,"7":3,"8":3,"9":3,"11":3,"13":1},"branchMap":{"0":{"type":"branch","line":3,"loc":{"start":{"line":3,"column":13},"end":{"line":12,"column":1}},"locations":[{"start":{"line":3,"column":13},"end":{"line":12,"column":1}}]},"1":{"type":"branch","line":9,"loc":{"start":{"line":9,"column":29},"end":{"line":9,"column":69}},"locations":[{"start":{"line":9,"column":29},"end":{"line":9,"column":69}}]},"2":{"type":"branch","line":9,"loc":{"start":{"line":9,"column":45},"end":{"line":9,"column":65}},"locations":[{"start":{"line":9,"column":45},"end":{"line":9,"column":65}}]}},"b":{"0":[3],"1":[1],"2":[1]},"fnMap":{"0":{"name":"Card","decl":{"start":{"line":3,"column":13},"end":{"line":12,"column":1}},"loc":{"start":{"line":3,"column":13},"end":{"line":12,"column":1}},"line":3},"1":{"name":"onClick","decl":{"start":{"line":9,"column":29},"end":{"line":9,"column":69}},"loc":{"start":{"line":9,"column":29},"end":{"line":9,"column":69}},"line":9}},"f":{"0":3,"1":1}}
,"C:\\Users\\Lucas. D\\OneDrive\\Escritorio\\PoC-Vitest\\rect-vitest\\src\\components\\Prueba.tsx": {"path":"C:\\Users\\Lucas. D\\OneDrive\\Escritorio\\PoC-Vitest\\rect-vitest\\src\\components\\Prueba.tsx","all":false,"statementMap":{"0":{"start":{"line":1,"column":0},"end":{"line":1,"column":40}},"7":{"start":{"line":8,"column":0},"end":{"line":8,"column":48}},"9":{"start":{"line":10,"column":0},"end":{"line":10,"column":42}},"10":{"start":{"line":11,"column":0},"end":{"line":11,"column":16}},"11":{"start":{"line":12,"column":0},"end":{"line":12,"column":24}},"12":{"start":{"line":13,"column":0},"end":{"line":13,"column":13}},"13":{"start":{"line":14,"column":0},"end":{"line":14,"column":47}},"14":{"start":{"line":15,"column":0},"end":{"line":15,"column":40}},"15":{"start":{"line":16,"column":0},"end":{"line":16,"column":14}},"16":{"start":{"line":17,"column":0},"end":{"line":17,"column":38}},"17":{"start":{"line":18,"column":0},"end":{"line":18,"column":10}},"19":{"start":{"line":20,"column":0},"end":{"line":20,"column":1}},"21":{"start":{"line":22,"column":0},"end":{"line":22,"column":21}}},"s":{"0":1,"7":8,"9":8,"10":8,"11":8,"12":8,"13":8,"14":8,"15":8,"16":8,"17":8,"19":8,"21":1},"branchMap":{"0":{"type":"branch","line":8,"loc":{"start":{"line":8,"column":0},"end":{"line":20,"column":1}},"locations":[{"start":{"line":8,"column":0},"end":{"line":20,"column":1}}]},"1":{"type":"branch","line":15,"loc":{"start":{"line":15,"column":9},"end":{"line":15,"column":24}},"locations":[{"start":{"line":15,"column":9},"end":{"line":15,"column":24}}]},"2":{"type":"branch","line":15,"loc":{"start":{"line":15,"column":15},"end":{"line":15,"column":31}},"locations":[{"start":{"line":15,"column":15},"end":{"line":15,"column":31}}]},"3":{"type":"branch","line":17,"loc":{"start":{"line":17,"column":9},"end":{"line":17,"column":38}},"locations":[{"start":{"line":17,"column":9},"end":{"line":17,"column":38}}]},"4":{"type":"branch","line":14,"loc":{"start":{"line":14,"column":25},"end":{"line":14,"column":47}},"locations":[{"start":{"line":14,"column":25},"end":{"line":14,"column":47}}]}},"b":{"0":[8],"1":[2],"2":[6],"3":[2],"4":[3]},"fnMap":{"0":{"name":"prueba","decl":{"start":{"line":8,"column":0},"end":{"line":20,"column":1}},"loc":{"start":{"line":8,"column":0},"end":{"line":20,"column":1}},"line":8},"1":{"name":"onClick","decl":{"start":{"line":14,"column":25},"end":{"line":14,"column":47}},"loc":{"start":{"line":14,"column":25},"end":{"line":14,"column":47}},"line":14}},"f":{"0":8,"1":3}}
}
